2021-09-19 15:22:04.097  INFO 13236 --- [main] .s.d.r.c.RepositoryConfigurationDelegate : Finished Spring Data repository scanning in 59 ms. Found 8 JPA repository interfaces.
2021-09-19 15:22:04.324  INFO 13236 --- [main] trationDelegate$BeanPostProcessorChecker : Bean 'org.springframework.security.access.expression.method.DefaultMethodSecurityExpressionHandler@62ddd21b' of type [org.springframework.security.access.expression.method.DefaultMethodSecurityExpressionHandler] is not eligible for getting processed by all BeanPostProcessors (for example: not eligible for auto-proxying)
2021-09-19 15:22:04.324  INFO 13236 --- [main] trationDelegate$BeanPostProcessorChecker : Bean 'methodSecurityMetadataSource' of type [org.springframework.security.access.method.DelegatingMethodSecurityMetadataSource] is not eligible for getting processed by all BeanPostProcessors (for example: not eligible for auto-proxying)
2021-09-19 15:22:04.514  INFO 13236 --- [main] o.s.b.w.embedded.tomcat.TomcatWebServer  : Tomcat initialized with port(s): 8080 (http)
2021-09-19 15:22:04.520  INFO 13236 --- [main] o.apache.catalina.core.StandardService   : Starting service [Tomcat]
2021-09-19 15:22:04.520  INFO 13236 --- [main] org.apache.catalina.core.StandardEngine  : Starting Servlet engine: [Apache Tomcat/9.0.48]
2021-09-19 15:22:04.614  INFO 13236 --- [main] o.a.c.c.C.[Tomcat].[localhost].[/]       : Initializing Spring embedded WebApplicationContext
2021-09-19 15:22:04.614  INFO 13236 --- [main] w.s.c.ServletWebServerApplicationContext : Root WebApplicationContext: initialization completed in 1218 ms
2021-09-19 15:22:04.652  WARN 13236 --- [main] JpaBaseConfiguration$JpaWebConfiguration : spring.jpa.open-in-view is enabled by default. Therefore, database queries may be performed during view rendering. Explicitly configure spring.jpa.open-in-view to disable this warning
2021-09-19 15:22:04.721  INFO 13236 --- [main] o.hibernate.jpa.internal.util.LogHelper  : HHH000204: Processing PersistenceUnitInfo [name: default]
2021-09-19 15:22:04.752  INFO 13236 --- [main] org.hibernate.Version                    : HHH000412: Hibernate ORM core version 5.4.32.Final
2021-09-19 15:22:04.884  INFO 13236 --- [main] o.hibernate.annotations.common.Version   : HCANN000001: Hibernate Commons Annotations {5.1.2.Final}
2021-09-19 15:22:04.953  INFO 13236 --- [main] com.zaxxer.hikari.HikariDataSource       : HikariPool-1 - Starting...
2021-09-19 15:22:05.354  INFO 13236 --- [main] com.zaxxer.hikari.HikariDataSource       : HikariPool-1 - Start completed.
2021-09-19 15:22:05.370  INFO 13236 --- [main] org.hibernate.dialect.Dialect            : HHH000400: Using dialect: org.hibernate.dialect.MariaDBDialect
2021-09-19 15:22:07.692  INFO 13236 --- [main] o.h.e.t.j.p.i.JtaPlatformInitiator       : HHH000490: Using JtaPlatform implementation: [org.hibernate.engine.transaction.jta.platform.internal.NoJtaPlatform]
2021-09-19 15:22:07.707  INFO 13236 --- [main] j.LocalContainerEntityManagerFactoryBean : Initialized JPA EntityManagerFactory for persistence unit 'default'
2021-09-19 15:22:08.949  INFO 13236 --- [main] o.s.s.web.DefaultSecurityFilterChain     : Will secure any request with [org.springframework.security.web.context.request.async.WebAsyncManagerIntegrationFilter@6acb45c1, org.springframework.security.web.context.SecurityContextPersistenceFilter@6b7c4734, org.springframework.security.web.header.HeaderWriterFilter@18cbc3c2, org.springframework.web.filter.CorsFilter@294c44b7, org.springframework.security.web.authentication.logout.LogoutFilter@7a730479, com.stschools.security.JwtAuthenticationFilter@5432dca2, org.springframework.security.web.savedrequest.RequestCacheAwareFilter@380fdcf2, org.springframework.security.web.servletapi.SecurityContextHolderAwareRequestFilter@734cf881, org.springframework.security.web.authentication.AnonymousAuthenticationFilter@30bbe83, org.springframework.security.web.session.SessionManagementFilter@5c997de8, org.springframework.security.web.access.ExceptionTranslationFilter@42a05533, org.springframework.security.web.access.intercept.FilterSecurityInterceptor@b56c222]
2021-09-19 15:22:09.234  INFO 13236 --- [main] o.s.b.w.embedded.tomcat.TomcatWebServer  : Tomcat started on port(s): 8080 (http) with context path ''
2021-09-19 15:22:09.250  INFO 13236 --- [main] com.stschools.StSchoolsApplication       : Started StSchoolsApplication in 6.226 seconds (JVM running for 6.849)
2021-09-19 15:23:16.289  INFO 13052 --- [main] com.stschools.StSchoolsApplication       : Starting StSchoolsApplication using Java 1.8.0_261 on DESKTOP-MGN3IP8 with PID 13052 (E:\GITHUB\st-school-backend\st-schools\target\classes started by PC in E:\GITHUB\st-school-backend\st-schools)
2021-09-19 15:23:16.304  INFO 13052 --- [main] com.stschools.StSchoolsApplication       : No active profile set, falling back to default profiles: default
2021-09-19 15:23:16.959  INFO 13052 --- [main] .s.d.r.c.RepositoryConfigurationDelegate : Bootstrapping Spring Data JPA repositories in DEFAULT mode.
2021-09-19 15:23:17.022  INFO 13052 --- [main] .s.d.r.c.RepositoryConfigurationDelegate : Finished Spring Data repository scanning in 62 ms. Found 8 JPA repository interfaces.
2021-09-19 15:23:17.244  INFO 13052 --- [main] trationDelegate$BeanPostProcessorChecker : Bean 'org.springframework.security.access.expression.method.DefaultMethodSecurityExpressionHandler@2b97cc1f' of type [org.springframework.security.access.expression.method.DefaultMethodSecurityExpressionHandler] is not eligible for getting processed by all BeanPostProcessors (for example: not eligible for auto-proxying)
2021-09-19 15:23:17.260  INFO 13052 --- [main] trationDelegate$BeanPostProcessorChecker : Bean 'methodSecurityMetadataSource' of type [org.springframework.security.access.method.DelegatingMethodSecurityMetadataSource] is not eligible for getting processed by all BeanPostProcessors (for example: not eligible for auto-proxying)
2021-09-19 15:23:17.423  INFO 13052 --- [main] o.s.b.w.embedded.tomcat.TomcatWebServer  : Tomcat initialized with port(s): 8080 (http)
2021-09-19 15:23:17.438  INFO 13052 --- [main] o.apache.catalina.core.StandardService   : Starting service [Tomcat]
2021-09-19 15:23:17.438  INFO 13052 --- [main] org.apache.catalina.core.StandardEngine  : Starting Servlet engine: [Apache Tomcat/9.0.48]
2021-09-19 15:23:17.523  INFO 13052 --- [main] o.a.c.c.C.[Tomcat].[localhost].[/]       : Initializing Spring embedded WebApplicationContext
2021-09-19 15:23:17.523  INFO 13052 --- [main] w.s.c.ServletWebServerApplicationContext : Root WebApplicationContext: initialization completed in 1187 ms
2021-09-19 15:23:17.561  WARN 13052 --- [main] JpaBaseConfiguration$JpaWebConfiguration : spring.jpa.open-in-view is enabled by default. Therefore, database queries may be performed during view rendering. Explicitly configure spring.jpa.open-in-view to disable this warning
2021-09-19 15:23:17.623  INFO 13052 --- [main] o.hibernate.jpa.internal.util.LogHelper  : HHH000204: Processing PersistenceUnitInfo [name: default]
2021-09-19 15:23:17.661  INFO 13052 --- [main] org.hibernate.Version                    : HHH000412: Hibernate ORM core version 5.4.32.Final
2021-09-19 15:23:17.793  INFO 13052 --- [main] o.hibernate.annotations.common.Version   : HCANN000001: Hibernate Commons Annotations {5.1.2.Final}
2021-09-19 15:23:17.862  INFO 13052 --- [main] com.zaxxer.hikari.HikariDataSource       : HikariPool-1 - Starting...
2021-09-19 15:23:18.230  INFO 13052 --- [main] com.zaxxer.hikari.HikariDataSource       : HikariPool-1 - Start completed.
2021-09-19 15:23:18.245  INFO 13052 --- [main] org.hibernate.dialect.Dialect            : HHH000400: Using dialect: org.hibernate.dialect.MariaDBDialect
2021-09-19 15:23:19.049  INFO 13052 --- [main] o.h.e.t.j.p.i.JtaPlatformInitiator       : HHH000490: Using JtaPlatform implementation: [org.hibernate.engine.transaction.jta.platform.internal.NoJtaPlatform]
2021-09-19 15:23:19.049  INFO 13052 --- [main] j.LocalContainerEntityManagerFactoryBean : Initialized JPA EntityManagerFactory for persistence unit 'default'
2021-09-19 15:23:19.898  INFO 13052 --- [main] o.s.s.web.DefaultSecurityFilterChain     : Will secure any request with [org.springframework.security.web.context.request.async.WebAsyncManagerIntegrationFilter@615ef20, org.springframework.security.web.context.SecurityContextPersistenceFilter@498e41a4, org.springframework.security.web.header.HeaderWriterFilter@5891b7c5, org.springframework.web.filter.CorsFilter@13390a96, org.springframework.security.web.authentication.logout.LogoutFilter@1c8e8fed, com.stschools.security.JwtAuthenticationFilter@126675fd, org.springframework.security.web.savedrequest.RequestCacheAwareFilter@1f5d7fd5, org.springframework.security.web.servletapi.SecurityContextHolderAwareRequestFilter@1d622556, org.springframework.security.web.authentication.AnonymousAuthenticationFilter@3a8b9458, org.springframework.security.web.session.SessionManagementFilter@d13379e, org.springframework.security.web.access.ExceptionTranslationFilter@62158991, org.springframework.security.web.access.intercept.FilterSecurityInterceptor@72f3acc9]
2021-09-19 15:23:20.130  INFO 13052 --- [main] o.s.b.w.embedded.tomcat.TomcatWebServer  : Tomcat started on port(s): 8080 (http) with context path ''
2021-09-19 15:23:20.130  INFO 13052 --- [main] com.stschools.StSchoolsApplication       : Started StSchoolsApplication in 4.157 seconds (JVM running for 4.763)
2021-09-19 15:38:48.743  INFO 15016 --- [main] com.stschools.StSchoolsApplication       : Starting StSchoolsApplication using Java 1.8.0_261 on DESKTOP-MGN3IP8 with PID 15016 (E:\GITHUB\st-school-backend\st-schools\target\classes started by PC in E:\GITHUB\st-school-backend\st-schools)
2021-09-19 15:38:48.759  INFO 15016 --- [main] com.stschools.StSchoolsApplication       : No active profile set, falling back to default profiles: default
2021-09-19 15:38:49.529  INFO 15016 --- [main] .s.d.r.c.RepositoryConfigurationDelegate : Bootstrapping Spring Data JPA repositories in DEFAULT mode.
2021-09-19 15:38:49.592  INFO 15016 --- [main] .s.d.r.c.RepositoryConfigurationDelegate : Finished Spring Data repository scanning in 61 ms. Found 8 JPA repository interfaces.
2021-09-19 15:38:49.814  INFO 15016 --- [main] trationDelegate$BeanPostProcessorChecker : Bean 'org.springframework.security.access.expression.method.DefaultMethodSecurityExpressionHandler@5f84abe8' of type [org.springframework.security.access.expression.method.DefaultMethodSecurityExpressionHandler] is not eligible for getting processed by all BeanPostProcessors (for example: not eligible for auto-proxying)
2021-09-19 15:38:49.814  INFO 15016 --- [main] trationDelegate$BeanPostProcessorChecker : Bean 'methodSecurityMetadataSource' of type [org.springframework.security.access.method.DelegatingMethodSecurityMetadataSource] is not eligible for getting processed by all BeanPostProcessors (for example: not eligible for auto-proxying)
2021-09-19 15:38:49.993  INFO 15016 --- [main] o.s.b.w.embedded.tomcat.TomcatWebServer  : Tomcat initialized with port(s): 8080 (http)
2021-09-19 15:38:49.993  INFO 15016 --- [main] o.apache.catalina.core.StandardService   : Starting service [Tomcat]
2021-09-19 15:38:49.993  INFO 15016 --- [main] org.apache.catalina.core.StandardEngine  : Starting Servlet engine: [Apache Tomcat/9.0.48]
2021-09-19 15:38:50.077  INFO 15016 --- [main] o.a.c.c.C.[Tomcat].[localhost].[/]       : Initializing Spring embedded WebApplicationContext
2021-09-19 15:38:50.093  INFO 15016 --- [main] w.s.c.ServletWebServerApplicationContext : Root WebApplicationContext: initialization completed in 1288 ms
2021-09-19 15:38:50.131  WARN 15016 --- [main] JpaBaseConfiguration$JpaWebConfiguration : spring.jpa.open-in-view is enabled by default. Therefore, database queries may be performed during view rendering. Explicitly configure spring.jpa.open-in-view to disable this warning
2021-09-19 15:38:50.193  INFO 15016 --- [main] o.hibernate.jpa.internal.util.LogHelper  : HHH000204: Processing PersistenceUnitInfo [name: default]
2021-09-19 15:38:50.231  INFO 15016 --- [main] org.hibernate.Version                    : HHH000412: Hibernate ORM core version 5.4.32.Final
2021-09-19 15:38:50.394  INFO 15016 --- [main] o.hibernate.annotations.common.Version   : HCANN000001: Hibernate Commons Annotations {5.1.2.Final}
2021-09-19 15:38:50.447  INFO 15016 --- [main] com.zaxxer.hikari.HikariDataSource       : HikariPool-1 - Starting...
2021-09-19 15:38:50.833  INFO 15016 --- [main] com.zaxxer.hikari.HikariDataSource       : HikariPool-1 - Start completed.
2021-09-19 15:38:50.833  INFO 15016 --- [main] org.hibernate.dialect.Dialect            : HHH000400: Using dialect: org.hibernate.dialect.MariaDBDialect
2021-09-19 15:38:51.681  INFO 15016 --- [main] o.h.e.t.j.p.i.JtaPlatformInitiator       : HHH000490: Using JtaPlatform implementation: [org.hibernate.engine.transaction.jta.platform.internal.NoJtaPlatform]
2021-09-19 15:38:51.681  INFO 15016 --- [main] j.LocalContainerEntityManagerFactoryBean : Initialized JPA EntityManagerFactory for persistence unit 'default'
2021-09-19 15:38:52.569  INFO 15016 --- [main] o.s.s.web.DefaultSecurityFilterChain     : Will secure any request with [org.springframework.security.web.context.request.async.WebAsyncManagerIntegrationFilter@5a6efe33, org.springframework.security.web.context.SecurityContextPersistenceFilter@3d764641, org.springframework.security.web.header.HeaderWriterFilter@5d58dc61, org.springframework.web.filter.CorsFilter@3e5ebdfe, org.springframework.security.web.authentication.logout.LogoutFilter@65ef9a0a, com.stschools.security.JwtAuthenticationFilter@7d626f2, org.springframework.security.web.savedrequest.RequestCacheAwareFilter@77eb607e, org.springframework.security.web.servletapi.SecurityContextHolderAwareRequestFilter@39f93225, org.springframework.security.web.authentication.AnonymousAuthenticationFilter@71668a67, org.springframework.security.web.session.SessionManagementFilter@3c3ab672, org.springframework.security.web.access.ExceptionTranslationFilter@11adab6d, org.springframework.security.web.access.intercept.FilterSecurityInterceptor@77f4038c]
2021-09-19 15:38:52.822  INFO 15016 --- [main] o.s.b.w.embedded.tomcat.TomcatWebServer  : Tomcat started on port(s): 8080 (http) with context path ''
2021-09-19 15:38:52.822  INFO 15016 --- [main] com.stschools.StSchoolsApplication       : Started StSchoolsApplication in 4.441 seconds (JVM running for 5.173)
2021-09-19 15:47:16.567  INFO 7200 --- [main] com.stschools.StSchoolsApplication       : Starting StSchoolsApplication using Java 15.0.4 on DESKTOP-MGN3IP8 with PID 7200 (E:\GITHUB\st-school-backend\st-schools\target\classes started by PC in E:\GITHUB\st-school-backend\st-schools)
2021-09-19 15:47:16.567  INFO 7200 --- [main] com.stschools.StSchoolsApplication       : No active profile set, falling back to default profiles: default
2021-09-19 15:47:17.432  INFO 7200 --- [main] .s.d.r.c.RepositoryConfigurationDelegate : Bootstrapping Spring Data JPA repositories in DEFAULT mode.
2021-09-19 15:47:17.485  INFO 7200 --- [main] .s.d.r.c.RepositoryConfigurationDelegate : Finished Spring Data repository scanning in 51 ms. Found 8 JPA repository interfaces.
2021-09-19 15:47:17.686  INFO 7200 --- [main] trationDelegate$BeanPostProcessorChecker : Bean 'org.springframework.security.access.expression.method.DefaultMethodSecurityExpressionHandler@41fe8e5f' of type [org.springframework.security.access.expression.method.DefaultMethodSecurityExpressionHandler] is not eligible for getting processed by all BeanPostProcessors (for example: not eligible for auto-proxying)
2021-09-19 15:47:17.701  INFO 7200 --- [main] trationDelegate$BeanPostProcessorChecker : Bean 'methodSecurityMetadataSource' of type [org.springframework.security.access.method.DelegatingMethodSecurityMetadataSource] is not eligible for getting processed by all BeanPostProcessors (for example: not eligible for auto-proxying)
2021-09-19 15:47:17.864  INFO 7200 --- [main] o.s.b.w.embedded.tomcat.TomcatWebServer  : Tomcat initialized with port(s): 8080 (http)
2021-09-19 15:47:17.864  INFO 7200 --- [main] o.apache.catalina.core.StandardService   : Starting service [Tomcat]
2021-09-19 15:47:17.864  INFO 7200 --- [main] org.apache.catalina.core.StandardEngine  : Starting Servlet engine: [Apache Tomcat/9.0.48]
2021-09-19 15:47:17.949  INFO 7200 --- [main] o.a.c.c.C.[Tomcat].[localhost].[/]       : Initializing Spring embedded WebApplicationContext
2021-09-19 15:47:17.949  INFO 7200 --- [main] w.s.c.ServletWebServerApplicationContext : Root WebApplicationContext: initialization completed in 1353 ms
2021-09-19 15:47:18.002  WARN 7200 --- [main] JpaBaseConfiguration$JpaWebConfiguration : spring.jpa.open-in-view is enabled by default. Therefore, database queries may be performed during view rendering. Explicitly configure spring.jpa.open-in-view to disable this warning
2021-09-19 15:47:18.065  INFO 7200 --- [main] o.hibernate.jpa.internal.util.LogHelper  : HHH000204: Processing PersistenceUnitInfo [name: default]
2021-09-19 15:47:18.087  INFO 7200 --- [main] org.hibernate.Version                    : HHH000412: Hibernate ORM core version 5.4.32.Final
2021-09-19 15:47:18.149  INFO 7200 --- [main] o.hibernate.annotations.common.Version   : HCANN000001: Hibernate Commons Annotations {5.1.2.Final}
2021-09-19 15:47:18.219  INFO 7200 --- [main] com.zaxxer.hikari.HikariDataSource       : HikariPool-1 - Starting...
2021-09-19 15:47:18.867  INFO 7200 --- [main] com.zaxxer.hikari.HikariDataSource       : HikariPool-1 - Start completed.
2021-09-19 15:47:18.867  INFO 7200 --- [main] org.hibernate.dialect.Dialect            : HHH000400: Using dialect: org.hibernate.dialect.MariaDBDialect
2021-09-19 15:47:19.591  INFO 7200 --- [main] o.h.e.t.j.p.i.JtaPlatformInitiator       : HHH000490: Using JtaPlatform implementation: [org.hibernate.engine.transaction.jta.platform.internal.NoJtaPlatform]
2021-09-19 15:47:19.591  INFO 7200 --- [main] j.LocalContainerEntityManagerFactoryBean : Initialized JPA EntityManagerFactory for persistence unit 'default'
2021-09-19 15:47:20.255  INFO 7200 --- [main] o.s.s.web.DefaultSecurityFilterChain     : Will secure any request with [org.springframework.security.web.context.request.async.WebAsyncManagerIntegrationFilter@2d527346, org.springframework.security.web.context.SecurityContextPersistenceFilter@4724b2c1, org.springframework.security.web.header.HeaderWriterFilter@48a21ea6, org.springframework.web.filter.CorsFilter@451cef67, org.springframework.security.web.authentication.logout.LogoutFilter@15d2ea6b, com.stschools.security.JwtAuthenticationFilter@2ecc4be7, org.springframework.security.web.savedrequest.RequestCacheAwareFilter@193f3306, org.springframework.security.web.servletapi.SecurityContextHolderAwareRequestFilter@7e366c6f, org.springframework.security.web.authentication.AnonymousAuthenticationFilter@11fb1691, org.springframework.security.web.session.SessionManagementFilter@7bb86ac, org.springframework.security.web.access.ExceptionTranslationFilter@5b407336, org.springframework.security.web.access.intercept.FilterSecurityInterceptor@64c37088]
2021-09-19 15:47:20.493  INFO 7200 --- [main] o.s.b.w.embedded.tomcat.TomcatWebServer  : Tomcat started on port(s): 8080 (http) with context path ''
2021-09-19 15:47:20.493  INFO 7200 --- [main] com.stschools.StSchoolsApplication       : Started StSchoolsApplication in 4.303 seconds (JVM running for 4.998)
